# JRE version: Java(TM) SE Runtime Environment (17.0.1+12) (build 17.0.1+12-LTS-39)
# Java VM: Java HotSpot(TM) 64-Bit Server VM (17.0.1+12-LTS-39, mixed mode, sharing, tiered, compressed oops, compressed class ptrs, g1 gc, windows-amd64)
GC Precious Log:
 CPUs: 2 total, 2 available
 Memory: 3985M
 Large Page Support: Disabled
 NUMA Support: Disabled
 Compressed Oops: Enabled (32-bit)
 Heap Region Size: 1M
 Heap Min Capacity: 8M
 Heap Initial Capacity: 64M
 Heap Max Capacity: 998M
 Pre-touch: Disabled
 Parallel Workers: 2
 Concurrent Workers: 1
 Concurrent Refinement Workers: 2
 Periodic GC: Disabled
Heap:
 garbage-first heap   total 65536K, used 28404K [0x00000000c1a00000, 0x0000000100000000)
  region size 1024K, 24 young (24576K), 5 survivors (5120K)
 Metaspace       used 20973K, committed 21184K, reserved 1073152K
  class space    used 2669K, committed 2752K, reserved 1048576K
GC Heap History (8 events):
Event: 2.858 GC heap before
{Heap before GC invocations=0 (full 0):
 garbage-first heap   total 65536K, used 6144K [0x00000000c1a00000, 0x0000000100000000)
  region size 1024K, 6 young (6144K), 0 survivors (0K)
 Metaspace       used 419K, committed 576K, reserved 1056768K
  class space    used 17K, committed 128K, reserved 1048576K
}
Event: 2.877 GC heap after
{Heap after GC invocations=1 (full 0):
 garbage-first heap   total 65536K, used 4831K [0x00000000c1a00000, 0x0000000100000000)
  region size 1024K, 1 young (1024K), 1 survivors (1024K)
 Metaspace       used 419K, committed 576K, reserved 1056768K
  class space    used 17K, committed 128K, reserved 1048576K
}
Event: 7.063 GC heap before
{Heap before GC invocations=1 (full 0):
 garbage-first heap   total 65536K, used 6879K [0x00000000c1a00000, 0x0000000100000000)
  region size 1024K, 4 young (4096K), 1 survivors (1024K)
 Metaspace       used 1853K, committed 1984K, reserved 1056768K
  class space    used 158K, committed 256K, reserved 1048576K
}
Event: 7.070 GC heap after
{Heap after GC invocations=2 (full 0):
 garbage-first heap   total 65536K, used 5356K [0x00000000c1a00000, 0x0000000100000000)
  region size 1024K, 1 young (1024K), 1 survivors (1024K)
 Metaspace       used 1853K, committed 1984K, reserved 1056768K
  class space    used 158K, committed 256K, reserved 1048576K
}
Event: 13.045 GC heap before
{Heap before GC invocations=2 (full 0):
 garbage-first heap   total 65536K, used 13548K [0x00000000c1a00000, 0x0000000100000000)
  region size 1024K, 9 young (9216K), 1 survivors (1024K)
 Metaspace       used 4253K, committed 4480K, reserved 1056768K
  class space    used 479K, committed 576K, reserved 1048576K
}
Event: 13.052 GC heap after
{Heap after GC invocations=3 (full 0):
 garbage-first heap   total 65536K, used 6412K [0x00000000c1a00000, 0x0000000100000000)
  region size 1024K, 2 young (2048K), 2 survivors (2048K)
 Metaspace       used 4253K, committed 4480K, reserved 1056768K
  class space    used 479K, committed 576K, reserved 1048576K
}
Event: 19.582 GC heap before
{Heap before GC invocations=3 (full 0):
 garbage-first heap   total 65536K, used 18700K [0x00000000c1a00000, 0x0000000100000000)
  region size 1024K, 15 young (15360K), 2 survivors (2048K)
 Metaspace       used 6549K, committed 6720K, reserved 1056768K
  class space    used 764K, committed 832K, reserved 1048576K
}
Event: 19.599 GC heap after
{Heap after GC invocations=4 (full 0):
 garbage-first heap   total 65536K, used 7387K [0x00000000c1a00000, 0x0000000100000000)
  region size 1024K, 2 young (2048K), 2 survivors (2048K)
 Metaspace       used 6549K, committed 6720K, reserved 1056768K
  class space    used 764K, committed 832K, reserved 1048576K
}

