# JRE version: OpenJDK Runtime Environment Temurin-17.0.5+8 (17.0.5+8) (build 17.0.5+8)
# Java VM: OpenJDK 64-Bit Server VM Temurin-17.0.5+8 (17.0.5+8, mixed mode, emulated-client, tiered, compressed oops, compressed class ptrs, g1 gc, windows-amd64)
GC Precious Log:
 CPUs: 2 total, 2 available
 Memory: 3985M
 Large Page Support: Disabled
 NUMA Support: Disabled
 Compressed Oops: Enabled (32-bit)
 Heap Region Size: 1M
 Heap Min Capacity: 8M
 Heap Initial Capacity: 64M
 Heap Max Capacity: 998M
 Pre-touch: Disabled
 Parallel Workers: 2
 Concurrent Workers: 1
 Concurrent Refinement Workers: 2
 Periodic GC: Disabled
Heap:
 garbage-first heap   total 440320K, used 131403K [0x00000000c1a00000, 0x0000000100000000)
  region size 1024K, 1 young (1024K), 0 survivors (0K)
 Metaspace       used 69133K, committed 69632K, reserved 1114112K
  class space    used 9355K, committed 9600K, reserved 1048576K
GC Heap History (20 events):
Event: 1079.083 GC heap before
{Heap before GC invocations=137 (full 22):
 garbage-first heap   total 440320K, used 131403K [0x00000000c1a00000, 0x0000000100000000)
  region size 1024K, 1 young (1024K), 0 survivors (0K)
 Metaspace       used 69133K, committed 69632K, reserved 1114112K
  class space    used 9355K, committed 9600K, reserved 1048576K
}
Event: 1079.448 GC heap after
{Heap after GC invocations=138 (full 23):
 garbage-first heap   total 440320K, used 131403K [0x00000000c1a00000, 0x0000000100000000)
  region size 1024K, 0 young (0K), 0 survivors (0K)
 Metaspace       used 69133K, committed 69632K, reserved 1114112K
  class space    used 9355K, committed 9600K, reserved 1048576K
}
Event: 1090.011 GC heap before
{Heap before GC invocations=138 (full 23):
 garbage-first heap   total 440320K, used 131403K [0x00000000c1a00000, 0x0000000100000000)
  region size 1024K, 1 young (1024K), 0 survivors (0K)
 Metaspace       used 69133K, committed 69632K, reserved 1114112K
  class space    used 9355K, committed 9600K, reserved 1048576K
}
Event: 1090.379 GC heap after
{Heap after GC invocations=139 (full 24):
 garbage-first heap   total 440320K, used 131403K [0x00000000c1a00000, 0x0000000100000000)
  region size 1024K, 0 young (0K), 0 survivors (0K)
 Metaspace       used 69133K, committed 69632K, reserved 1114112K
  class space    used 9355K, committed 9600K, reserved 1048576K
}
Event: 1100.956 GC heap before
{Heap before GC invocations=139 (full 24):
 garbage-first heap   total 440320K, used 131403K [0x00000000c1a00000, 0x0000000100000000)
  region size 1024K, 1 young (1024K), 0 survivors (0K)
 Metaspace       used 69133K, committed 69632K, reserved 1114112K
  class space    used 9355K, committed 9600K, reserved 1048576K
}
Event: 1101.350 GC heap after
{Heap after GC invocations=140 (full 25):
 garbage-first heap   total 440320K, used 131403K [0x00000000c1a00000, 0x0000000100000000)
  region size 1024K, 0 young (0K), 0 survivors (0K)
 Metaspace       used 69133K, committed 69632K, reserved 1114112K
  class space    used 9355K, committed 9600K, reserved 1048576K
}
Event: 1111.639 GC heap before
{Heap before GC invocations=140 (full 25):
 garbage-first heap   total 440320K, used 131403K [0x00000000c1a00000, 0x0000000100000000)
  region size 1024K, 1 young (1024K), 0 survivors (0K)
 Metaspace       used 69133K, committed 69632K, reserved 1114112K
  class space    used 9355K, committed 9600K, reserved 1048576K
}
Event: 1112.031 GC heap after
{Heap after GC invocations=141 (full 26):
 garbage-first heap   total 440320K, used 131403K [0x00000000c1a00000, 0x0000000100000000)
  region size 1024K, 0 young (0K), 0 survivors (0K)
 Metaspace       used 69133K, committed 69632K, reserved 1114112K
  class space    used 9355K, committed 9600K, reserved 1048576K
}
Event: 1122.922 GC heap before
{Heap before GC invocations=141 (full 26):
 garbage-first heap   total 440320K, used 131403K [0x00000000c1a00000, 0x0000000100000000)
  region size 1024K, 1 young (1024K), 0 survivors (0K)
 Metaspace       used 69133K, committed 69632K, reserved 1114112K
  class space    used 9355K, committed 9600K, reserved 1048576K
}
Event: 1123.301 GC heap after
{Heap after GC invocations=142 (full 27):
 garbage-first heap   total 440320K, used 131403K [0x00000000c1a00000, 0x0000000100000000)
  region size 1024K, 0 young (0K), 0 survivors (0K)
 Metaspace       used 69133K, committed 69632K, reserved 1114112K
  class space    used 9355K, committed 9600K, reserved 1048576K
}
Event: 1133.710 GC heap before
{Heap before GC invocations=142 (full 27):
 garbage-first heap   total 440320K, used 131403K [0x00000000c1a00000, 0x0000000100000000)
  region size 1024K, 1 young (1024K), 0 survivors (0K)
 Metaspace       used 69133K, committed 69632K, reserved 1114112K
  class space    used 9355K, committed 9600K, reserved 1048576K
}
Event: 1134.086 GC heap after
{Heap after GC invocations=143 (full 28):
 garbage-first heap   total 440320K, used 131403K [0x00000000c1a00000, 0x0000000100000000)
  region size 1024K, 0 young (0K), 0 survivors (0K)
 Metaspace       used 69133K, committed 69632K, reserved 1114112K
  class space    used 9355K, committed 9600K, reserved 1048576K
}
Event: 1144.376 GC heap before
{Heap before GC invocations=143 (full 28):
 garbage-first heap   total 440320K, used 131403K [0x00000000c1a00000, 0x0000000100000000)
  region size 1024K, 1 young (1024K), 0 survivors (0K)
 Metaspace       used 69133K, committed 69632K, reserved 1114112K
  class space    used 9355K, committed 9600K, reserved 1048576K
}
Event: 1144.746 GC heap after
{Heap after GC invocations=144 (full 29):
 garbage-first heap   total 440320K, used 131403K [0x00000000c1a00000, 0x0000000100000000)
  region size 1024K, 0 young (0K), 0 survivors (0K)
 Metaspace       used 69133K, committed 69632K, reserved 1114112K
  class space    used 9355K, committed 9600K, reserved 1048576K
}
Event: 1155.028 GC heap before
{Heap before GC invocations=144 (full 29):
 garbage-first heap   total 440320K, used 131403K [0x00000000c1a00000, 0x0000000100000000)
  region size 1024K, 1 young (1024K), 0 survivors (0K)
 Metaspace       used 69133K, committed 69632K, reserved 1114112K
  class space    used 9355K, committed 9600K, reserved 1048576K
}
Event: 1155.444 GC heap after
{Heap after GC invocations=145 (full 30):
 garbage-first heap   total 440320K, used 131403K [0x00000000c1a00000, 0x0000000100000000)
  region size 1024K, 0 young (0K), 0 survivors (0K)
 Metaspace       used 69133K, committed 69632K, reserved 1114112K
  class space    used 9355K, committed 9600K, reserved 1048576K
}
Event: 1165.731 GC heap before
{Heap before GC invocations=145 (full 30):
 garbage-first heap   total 440320K, used 131403K [0x00000000c1a00000, 0x0000000100000000)
  region size 1024K, 1 young (1024K), 0 survivors (0K)
 Metaspace       used 69133K, committed 69632K, reserved 1114112K
  class space    used 9355K, committed 9600K, reserved 1048576K
}
Event: 1166.106 GC heap after
{Heap after GC invocations=146 (full 31):
 garbage-first heap   total 440320K, used 131403K [0x00000000c1a00000, 0x0000000100000000)
  region size 1024K, 0 young (0K), 0 survivors (0K)
 Metaspace       used 69133K, committed 69632K, reserved 1114112K
  class space    used 9355K, committed 9600K, reserved 1048576K
}
Event: 1176.385 GC heap before
{Heap before GC invocations=146 (full 31):
 garbage-first heap   total 440320K, used 131403K [0x00000000c1a00000, 0x0000000100000000)
  region size 1024K, 1 young (1024K), 0 survivors (0K)
 Metaspace       used 69133K, committed 69632K, reserved 1114112K
  class space    used 9355K, committed 9600K, reserved 1048576K
}
Event: 1176.753 GC heap after
{Heap after GC invocations=147 (full 32):
 garbage-first heap   total 440320K, used 131403K [0x00000000c1a00000, 0x0000000100000000)
  region size 1024K, 0 young (0K), 0 survivors (0K)
 Metaspace       used 69133K, committed 69632K, reserved 1114112K
  class space    used 9355K, committed 9600K, reserved 1048576K
}

