# JRE version: OpenJDK Runtime Environment Temurin-17.0.5+8 (17.0.5+8) (build 17.0.5+8)
# Java VM: OpenJDK 64-Bit Server VM Temurin-17.0.5+8 (17.0.5+8, mixed mode, emulated-client, tiered, compressed oops, compressed class ptrs, g1 gc, windows-amd64)
GC Precious Log:
 CPUs: 2 total, 2 available
 Memory: 3985M
 Large Page Support: Disabled
 NUMA Support: Disabled
 Compressed Oops: Enabled (32-bit)
 Heap Region Size: 1M
 Heap Min Capacity: 8M
 Heap Initial Capacity: 64M
 Heap Max Capacity: 1G
 Pre-touch: Disabled
 Parallel Workers: 2
 Concurrent Workers: 1
 Concurrent Refinement Workers: 2
 Periodic GC: Disabled
Heap:
 garbage-first heap   total 296960K, used 236851K [0x00000000c0000000, 0x0000000100000000)
  region size 1024K, 3 young (3072K), 3 survivors (3072K)
 Metaspace       used 52861K, committed 53312K, reserved 1097728K
  class space    used 6633K, committed 6848K, reserved 1048576K
GC Heap History (20 events):
Event: 121.399 GC heap after
{Heap after GC invocations=68 (full 0):
 garbage-first heap   total 296960K, used 213237K [0x00000000c0000000, 0x0000000100000000)
  region size 1024K, 5 young (5120K), 5 survivors (5120K)
 Metaspace       used 52806K, committed 53248K, reserved 1097728K
  class space    used 6627K, committed 6848K, reserved 1048576K
}
Event: 121.876 GC heap before
{Heap before GC invocations=68 (full 0):
 garbage-first heap   total 296960K, used 259317K [0x00000000c0000000, 0x0000000100000000)
  region size 1024K, 51 young (52224K), 5 survivors (5120K)
 Metaspace       used 52806K, committed 53248K, reserved 1097728K
  class space    used 6627K, committed 6848K, reserved 1048576K
}
Event: 121.893 GC heap after
{Heap after GC invocations=69 (full 0):
 garbage-first heap   total 296960K, used 216997K [0x00000000c0000000, 0x0000000100000000)
  region size 1024K, 6 young (6144K), 6 survivors (6144K)
 Metaspace       used 52806K, committed 53248K, reserved 1097728K
  class space    used 6627K, committed 6848K, reserved 1048576K
}
Event: 122.140 GC heap before
{Heap before GC invocations=69 (full 0):
 garbage-first heap   total 296960K, used 260005K [0x00000000c0000000, 0x0000000100000000)
  region size 1024K, 49 young (50176K), 6 survivors (6144K)
 Metaspace       used 52806K, committed 53248K, reserved 1097728K
  class space    used 6627K, committed 6848K, reserved 1048576K
}
Event: 122.167 GC heap after
{Heap after GC invocations=70 (full 0):
 garbage-first heap   total 296960K, used 219045K [0x00000000c0000000, 0x0000000100000000)
  region size 1024K, 5 young (5120K), 5 survivors (5120K)
 Metaspace       used 52806K, committed 53248K, reserved 1097728K
  class space    used 6627K, committed 6848K, reserved 1048576K
}
Event: 122.729 GC heap before
{Heap before GC invocations=70 (full 0):
 garbage-first heap   total 296960K, used 260005K [0x00000000c0000000, 0x0000000100000000)
  region size 1024K, 46 young (47104K), 5 survivors (5120K)
 Metaspace       used 52861K, committed 53312K, reserved 1097728K
  class space    used 6633K, committed 6848K, reserved 1048576K
}
Event: 122.745 GC heap after
{Heap after GC invocations=71 (full 0):
 garbage-first heap   total 296960K, used 221636K [0x00000000c0000000, 0x0000000100000000)
  region size 1024K, 5 young (5120K), 5 survivors (5120K)
 Metaspace       used 52861K, committed 53312K, reserved 1097728K
  class space    used 6633K, committed 6848K, reserved 1048576K
}
Event: 123.332 GC heap before
{Heap before GC invocations=71 (full 0):
 garbage-first heap   total 296960K, used 259524K [0x00000000c0000000, 0x0000000100000000)
  region size 1024K, 43 young (44032K), 5 survivors (5120K)
 Metaspace       used 52861K, committed 53312K, reserved 1097728K
  class space    used 6633K, committed 6848K, reserved 1048576K
}
Event: 123.348 GC heap after
{Heap after GC invocations=72 (full 0):
 garbage-first heap   total 296960K, used 224143K [0x00000000c0000000, 0x0000000100000000)
  region size 1024K, 5 young (5120K), 5 survivors (5120K)
 Metaspace       used 52861K, committed 53312K, reserved 1097728K
  class space    used 6633K, committed 6848K, reserved 1048576K
}
Event: 123.958 GC heap before
{Heap before GC invocations=72 (full 0):
 garbage-first heap   total 296960K, used 259983K [0x00000000c0000000, 0x0000000100000000)
  region size 1024K, 41 young (41984K), 5 survivors (5120K)
 Metaspace       used 52861K, committed 53312K, reserved 1097728K
  class space    used 6633K, committed 6848K, reserved 1048576K
}
Event: 123.979 GC heap after
{Heap after GC invocations=73 (full 0):
 garbage-first heap   total 296960K, used 226411K [0x00000000c0000000, 0x0000000100000000)
  region size 1024K, 5 young (5120K), 5 survivors (5120K)
 Metaspace       used 52861K, committed 53312K, reserved 1097728K
  class space    used 6633K, committed 6848K, reserved 1048576K
}
Event: 124.321 GC heap before
{Heap before GC invocations=73 (full 0):
 garbage-first heap   total 296960K, used 260203K [0x00000000c0000000, 0x0000000100000000)
  region size 1024K, 39 young (39936K), 5 survivors (5120K)
 Metaspace       used 52861K, committed 53312K, reserved 1097728K
  class space    used 6633K, committed 6848K, reserved 1048576K
}
Event: 124.334 GC heap after
{Heap after GC invocations=74 (full 0):
 garbage-first heap   total 296960K, used 228055K [0x00000000c0000000, 0x0000000100000000)
  region size 1024K, 4 young (4096K), 4 survivors (4096K)
 Metaspace       used 52861K, committed 53312K, reserved 1097728K
  class space    used 6633K, committed 6848K, reserved 1048576K
}
Event: 124.650 GC heap before
{Heap before GC invocations=74 (full 0):
 garbage-first heap   total 296960K, used 260823K [0x00000000c0000000, 0x0000000100000000)
  region size 1024K, 37 young (37888K), 4 survivors (4096K)
 Metaspace       used 52861K, committed 53312K, reserved 1097728K
  class space    used 6633K, committed 6848K, reserved 1048576K
}
Event: 124.663 GC heap after
{Heap after GC invocations=75 (full 0):
 garbage-first heap   total 296960K, used 229939K [0x00000000c0000000, 0x0000000100000000)
  region size 1024K, 4 young (4096K), 4 survivors (4096K)
 Metaspace       used 52861K, committed 53312K, reserved 1097728K
  class space    used 6633K, committed 6848K, reserved 1048576K
}
Event: 124.950 GC heap before
{Heap before GC invocations=75 (full 0):
 garbage-first heap   total 296960K, used 262707K [0x00000000c0000000, 0x0000000100000000)
  region size 1024K, 35 young (35840K), 4 survivors (4096K)
 Metaspace       used 52861K, committed 53312K, reserved 1097728K
  class space    used 6633K, committed 6848K, reserved 1048576K
}
Event: 124.970 GC heap after
{Heap after GC invocations=76 (full 0):
 garbage-first heap   total 296960K, used 234196K [0x00000000c0000000, 0x0000000100000000)
  region size 1024K, 4 young (4096K), 4 survivors (4096K)
 Metaspace       used 52861K, committed 53312K, reserved 1097728K
  class space    used 6633K, committed 6848K, reserved 1048576K
}
Event: 125.256 GC heap before
{Heap before GC invocations=76 (full 0):
 garbage-first heap   total 296960K, used 261844K [0x00000000c0000000, 0x0000000100000000)
  region size 1024K, 32 young (32768K), 4 survivors (4096K)
 Metaspace       used 52861K, committed 53312K, reserved 1097728K
  class space    used 6633K, committed 6848K, reserved 1048576K
}
Event: 125.277 GC heap after
{Heap after GC invocations=77 (full 0):
 garbage-first heap   total 296960K, used 235190K [0x00000000c0000000, 0x0000000100000000)
  region size 1024K, 4 young (4096K), 4 survivors (4096K)
 Metaspace       used 52861K, committed 53312K, reserved 1097728K
  class space    used 6633K, committed 6848K, reserved 1048576K
}
Event: 125.509 GC heap before
{Heap before GC invocations=77 (full 0):
 garbage-first heap   total 296960K, used 260790K [0x00000000c0000000, 0x0000000100000000)
  region size 1024K, 30 young (30720K), 4 survivors (4096K)
 Metaspace       used 52861K, committed 53312K, reserved 1097728K
  class space    used 6633K, committed 6848K, reserved 1048576K
}

